#
# A fatal error has been detected by the Java Runtime Environment:
#
#  SIGSEGV (0xb) at pc=0x000000010be2317c, pid=21125, tid=14855
#
# JRE version: Java(TM) SE Runtime Environment (8.0_31-b13) (build 1.8.0_31-b13)
# Java VM: Java HotSpot(TM) 64-Bit Server VM (25.31-b07 mixed mode bsd-amd64 compressed oops)
# Problematic frame:
# V  [libjvm.dylib+0x42317c]  Method::checked_resolve_jmethod_id(_jmethodID*)+0xe
#
# Failed to write core dump. Core dumps have been disabled. To enable core dumping, try "ulimit -c unlimited" before starting Java again
#
# If you would like to submit a bug report, please visit:
#   http://bugreport.java.com/bugreport/crash.jsp
#

---------------  T H R E A D  ---------------

Current thread (0x00007fc926844000):  JavaThread "JDWP Transport Listener: dt_socket" daemon [_thread_in_vm, id=14855, stack(0x000070000d7ab000,0x000070000d8ab000)]

siginfo: si_signo: 11 (SIGSEGV), si_code: 0 (unknown), si_addr: 0x0000000000000000

Registers:
RAX=0x0000000000000001, RBX=0x000070000d8aaaab, RCX=0x000000010c1d7c70, RDX=0x000070000d8aaaab
RSP=0x000070000d8aa9f0, RBP=0x000070000d8aaa00, RSI=0x00007fc926844000, RDI=0x0005000000000000
R8 =0x0000000000000000, R9 =0x00007fc925ce7430, R10=0x0000000000000001, R11=0x0000000000000001
R12=0x00007fc926844000, R13=0x0005000000000000, R14=0x0005000000000000, R15=0x00007fc925e03800
RIP=0x000000010be2317c, EFLAGS=0x0000000000010206, ERR=0x0000000000000000
  TRAPNO=0x000000000000000d

Top of Stack: (sp=0x000070000d8aa9f0)
0x000070000d8aa9f0:   000070000d8aaaab 000070000d8aaaab
0x000070000d8aaa00:   000070000d8aaa60 000000010bd3519e
0x000070000d8aaa10:   00007fc926844000 0000000000000000
0x000070000d8aaa20:   0000000000000000 0000000000000000
0x000070000d8aaa30:   00007fc926844000 00007fc926844000
0x000070000d8aaa40:   000070000d8aaaab 000070000d8aaab0
0x000070000d8aaa50:   0005000000000000 0000000000000009
0x000070000d8aaa60:   000070000d8aaa80 000000010c93f7dc
0x000070000d8aaa70:   0000000000000001 000070000d8aab28
0x000070000d8aaa80:   000070000d8aaaf0 000000010c924263
0x000070000d8aaa90:   000070000d8aaac0 00007fc925c4c6f0
0x000070000d8aaaa0:   0000000a00000032 f000100a018aab28
0x000070000d8aaab0:   0000000000000000 0000000000000000
0x000070000d8aaac0:   0000000000000000 000070000d8aacb0
0x000070000d8aaad0:   000000010c946eca 00007fc925c9b930
0x000070000d8aaae0:   000070000d8aab28 000000010c952588
0x000070000d8aaaf0:   000070000d8aab00 000000010c92435c
0x000070000d8aab00:   000070000d8aad20 000000010c92d8f6
0x000070000d8aab10:   000034e100000013 00000000000f0200
0x000070000d8aab20:   00007fc925c29d30 00007fc928615557
0x000070000d8aab30:   00000000000001c1 00007fc925c03560
0x000070000d8aab40:   000000000000012c 000070000d8aab78
0x000070000d8aab50:   00007fc925c03560 00007f0000000000
0x000070000d8aab60:   000034e10000001b 00007fc900006680
0x000070000d8aab70:   000070000d8aab78 c97f00000a000000
0x000070000d8aab80:   06000000e0d0cc25 00003e74696e693c
0x000070000d8aab90:   624c5b4949281200 6165542f6472616f
0x000070000d8aaba0:   0000000056293b6d c97f000081000000
0x000070000d8aabb0:   0c000000e8d0cc25 5365726568547369
0x000070000d8aabc0:   05000000656e6f74 0000005a29494928
0x000070000d8aabd0:   7f00000100000000 00000018d1cc25c9
0x000070000d8aabe0:   747361437465730a 281000000073656c 

Instructions: (pc=0x000000010be2317c)
0x000000010be2315c:   40 48 48 85 c0 75 e0 30 c0 0f b6 c0 5d c3 31 c0
0x000000010be2316c:   5d c3 55 48 89 e5 53 48 83 ec 08 48 85 ff 74 24
0x000000010be2317c:   48 8b 1f 48 85 db 74 1c 48 83 fb 37 74 16 48 8b
0x000000010be2318c:   03 48 89 df ff 50 10 84 c0 b8 00 00 00 00 48 0f 

Register to memory mapping:

RAX=0x0000000000000001 is an unknown value
RBX=0x000070000d8aaaab is pointing into the stack for thread: 0x00007fc926844000
RCX=0x000000010c1d7c70: UseMembar+0 in /Library/Java/JavaVirtualMachines/jdk1.8.0_31.jdk/Contents/Home/jre/lib/server/libjvm.dylib at 0x000000010ba00000
RDX=0x000070000d8aaaab is pointing into the stack for thread: 0x00007fc926844000
RSP=0x000070000d8aa9f0 is pointing into the stack for thread: 0x00007fc926844000
RBP=0x000070000d8aaa00 is pointing into the stack for thread: 0x00007fc926844000
RSI=0x00007fc926844000 is a thread
RDI=0x0005000000000000 is an unknown value
R8 =0x0000000000000000 is an unknown value
R9 =0x00007fc925ce7430 is an unknown value
R10=0x0000000000000001 is an unknown value
R11=0x0000000000000001 is an unknown value
R12=0x00007fc926844000 is a thread
R13=0x0005000000000000 is an unknown value
R14=0x0005000000000000 is an unknown value
R15=0x00007fc925e03800 is an unknown value


Stack: [0x000070000d7ab000,0x000070000d8ab000],  sp=0x000070000d8aa9f0,  free space=1022k
Native frames: (J=compiled Java code, j=interpreted, Vv=VM code, C=native code)
V  [libjvm.dylib+0x42317c]  Method::checked_resolve_jmethod_id(_jmethodID*)+0xe
V  [libjvm.dylib+0x33519e]  jvmti_IsMethodSynthetic+0xb2
C  [libjdwp.dylib+0x207dc]  isMethodSynthetic+0x63
C  [libjdwp.dylib+0x5263]  methods1+0x10b
C  [libjdwp.dylib+0x535c]  methodsWithGeneric+0xe
C  [libjdwp.dylib+0xe8f6]  debugLoop_run+0x1ce
C  [libjdwp.dylib+0x1f716]  attachThread+0x4d
V  [libjvm.dylib+0x3761fe]  JvmtiAgentThread::call_start_function()+0x38
V  [libjvm.dylib+0x5360cf]  JavaThread::thread_main_inner()+0x9b
V  [libjvm.dylib+0x53780c]  JavaThread::run()+0x1c2
V  [libjvm.dylib+0x45d772]  java_start(Thread*)+0xf6
C  [libsystem_pthread.dylib+0x3305]  _pthread_body+0x7e
C  [libsystem_pthread.dylib+0x626f]  _pthread_start+0x46
C  [libsystem_pthread.dylib+0x2415]  thread_start+0xd
C  0x0000000000000000


---------------  P R O C E S S  ---------------

Java Threads: ( => current thread )
  0x00007fc9269f6800 JavaThread "Java2D Disposer" daemon [_thread_blocked, id=52751, stack(0x000070000e4d8000,0x000070000e5d8000)]
  0x00007fc9278e7800 JavaThread "Java2D Queue Flusher" daemon [_thread_blocked, id=51207, stack(0x000070000e3d5000,0x000070000e4d5000)]
  0x00007fc9278ff800 JavaThread "DestroyJavaVM" [_thread_blocked, id=9987, stack(0x000070000ce90000,0x000070000cf90000)]
  0x00007fc92705e000 JavaThread "AWT-EventQueue-0" [_thread_blocked, id=50183, stack(0x000070000e2d2000,0x000070000e3d2000)]
  0x00007fc9268ab000 JavaThread "AWT-Shutdown" [_thread_blocked, id=38695, stack(0x000070000dfc3000,0x000070000e0c3000)]
  0x00007fc9278ba800 JavaThread "AppKit Thread" daemon [_thread_in_native, id=775, stack(0x00007ffee428a000,0x00007ffee4a8a000)]
  0x00007fc92786d800 JavaThread "Service Thread" daemon [_thread_blocked, id=17155, stack(0x000070000ddbd000,0x000070000debd000)]
  0x00007fc927003800 JavaThread "C1 CompilerThread2" daemon [_thread_blocked, id=16899, stack(0x000070000dcba000,0x000070000ddba000)]
  0x00007fc926845800 JavaThread "C2 CompilerThread1" daemon [_thread_blocked, id=19459, stack(0x000070000dbb7000,0x000070000dcb7000)]
  0x00007fc92700b800 JavaThread "C2 CompilerThread0" daemon [_thread_blocked, id=16387, stack(0x000070000dab4000,0x000070000dbb4000)]
  0x00007fc92700d800 JavaThread "JDWP Command Reader" daemon [_thread_in_native, id=15875, stack(0x000070000d9b1000,0x000070000dab1000)]
  0x00007fc926844800 JavaThread "JDWP Event Helper Thread" daemon [_thread_blocked, id=15363, stack(0x000070000d8ae000,0x000070000d9ae000)]
=>0x00007fc926844000 JavaThread "JDWP Transport Listener: dt_socket" daemon [_thread_in_vm, id=14855, stack(0x000070000d7ab000,0x000070000d8ab000)]
  0x00007fc927822800 JavaThread "Signal Dispatcher" daemon [_thread_blocked, id=19971, stack(0x000070000d6a8000,0x000070000d7a8000)]
  0x00007fc926832800 JavaThread "Finalizer" daemon [_thread_blocked, id=12547, stack(0x000070000d5a5000,0x000070000d6a5000)]
  0x00007fc926831800 JavaThread "Reference Handler" daemon [_thread_blocked, id=12035, stack(0x000070000d4a2000,0x000070000d5a2000)]

Other Threads:
  0x00007fc92601b000 VMThread [stack: 0x000070000d39f000,0x000070000d49f000] [id=11523]
  0x00007fc926850800 WatcherThread [stack: 0x000070000dec0000,0x000070000dfc0000] [id=17667]

VM state:not at safepoint (normal execution)

VM Mutex/Monitor currently owned by a thread: None

Heap:
 PSYoungGen      total 18944K, used 7230K [0x00000007aab00000, 0x00000007ac000000, 0x00000007c0000000)
  eden space 16384K, 44% used [0x00000007aab00000,0x00000007ab20fb40,0x00000007abb00000)
  from space 2560K, 0% used [0x00000007abd80000,0x00000007abd80000,0x00000007ac000000)
  to   space 2560K, 0% used [0x00000007abb00000,0x00000007abb00000,0x00000007abd80000)
 ParOldGen       total 44032K, used 0K [0x0000000780000000, 0x0000000782b00000, 0x00000007aab00000)
  object space 44032K, 0% used [0x0000000780000000,0x0000000780000000,0x0000000782b00000)
 Metaspace       used 9211K, capacity 9352K, committed 9472K, reserved 1056768K
  class space    used 1122K, capacity 1162K, committed 1280K, reserved 1048576K

Card table byte_map: [0x000000010cd6a000,0x000000010cf6b000] byte_map_base: 0x000000010916a000

Marking Bits: (ParMarkBitMap*) 0x000000010c29e410
 Begin Bits: [0x000000010d0c1000, 0x000000010e0c1000)
 End Bits:   [0x000000010e0c1000, 0x000000010f0c1000)

Polling page: 0x000000010b1e2000

CodeCache: size=245760Kb used=2390Kb max_used=2390Kb free=243369Kb
 bounds [0x0000000117049000, 0x00000001172b9000, 0x0000000126049000]
 total_blobs=1066 nmethods=603 adapters=386
 compilation: enabled

Compilation events (10 events):
Event: 12.264 Thread 0x00007fc927003800  598       3       java.util.concurrent.locks.ReentrantLock$Sync::nonfairTryAcquire (67 bytes)
Event: 12.265 Thread 0x00007fc927003800 nmethod 598 0x000000011729d3d0 code [0x000000011729d580, 0x000000011729dcc8]
Event: 13.186 Thread 0x00007fc927003800  599       3       sun.java2d.pipe.RenderBuffer::position (11 bytes)
Event: 13.187 Thread 0x00007fc927003800 nmethod 599 0x000000011729de90 code [0x000000011729dfe0, 0x000000011729e130]
Event: 14.209 Thread 0x00007fc927003800  600       1       sun.java2d.opengl.OGLRenderQueue::access$000 (5 bytes)
Event: 14.210 Thread 0x00007fc927003800 nmethod 600 0x000000011729e190 code [0x000000011729e2e0, 0x000000011729e3d0]
Event: 27.292 Thread 0x00007fc927003800  602       3       sun.java2d.pipe.RenderQueue::tryLock (4 bytes)
Event: 27.293 Thread 0x00007fc927003800 nmethod 602 0x000000011729e790 code [0x000000011729e920, 0x000000011729ec88]
Event: 27.293 Thread 0x00007fc927003800  603       3       sun.awt.SunToolkit::awtTryLock (7 bytes)
Event: 27.293 Thread 0x00007fc927003800 nmethod 603 0x000000011729ee10 code [0x000000011729ef80, 0x000000011729f268]

GC Heap History (0 events):
No events

Deoptimization events (0 events):
No events

Internal exceptions (10 events):
Event: 1.020 Thread 0x00007fc92705e000 Exception <a 'java/security/PrivilegedActionException'> (0x00000007aaf54720) thrown at [/Users/java_re/workspace/8-2-build-macosx-x86_64/jdk8u31/2394/hotspot/src/share/vm/prims/jvm.cpp, line 1312]
Event: 1.022 Thread 0x00007fc92705e000 Exception <a 'java/security/PrivilegedActionException'> (0x00000007aaf56830) thrown at [/Users/java_re/workspace/8-2-build-macosx-x86_64/jdk8u31/2394/hotspot/src/share/vm/prims/jvm.cpp, line 1312]
Event: 1.024 Thread 0x00007fc92705e000 Exception <a 'java/security/PrivilegedActionException'> (0x00000007aaf586d0) thrown at [/Users/java_re/workspace/8-2-build-macosx-x86_64/jdk8u31/2394/hotspot/src/share/vm/prims/jvm.cpp, line 1312]
Event: 1.026 Thread 0x00007fc92705e000 Exception <a 'java/security/PrivilegedActionException'> (0x00000007aaf5a768) thrown at [/Users/java_re/workspace/8-2-build-macosx-x86_64/jdk8u31/2394/hotspot/src/share/vm/prims/jvm.cpp, line 1312]
Event: 1.029 Thread 0x00007fc92705e000 Exception <a 'java/security/PrivilegedActionException'> (0x00000007aaf5c510) thrown at [/Users/java_re/workspace/8-2-build-macosx-x86_64/jdk8u31/2394/hotspot/src/share/vm/prims/jvm.cpp, line 1312]
Event: 1.030 Thread 0x00007fc92705e000 Exception <a 'java/security/PrivilegedActionException'> (0x00000007aaf5e2b0) thrown at [/Users/java_re/workspace/8-2-build-macosx-x86_64/jdk8u31/2394/hotspot/src/share/vm/prims/jvm.cpp, line 1312]
Event: 1.033 Thread 0x00007fc92705e000 Exception <a 'java/security/PrivilegedActionException'> (0x00000007aaf60030) thrown at [/Users/java_re/workspace/8-2-build-macosx-x86_64/jdk8u31/2394/hotspot/src/share/vm/prims/jvm.cpp, line 1312]
Event: 1.034 Thread 0x00007fc92705e000 Exception <a 'java/security/PrivilegedActionException'> (0x00000007aaf61d38) thrown at [/Users/java_re/workspace/8-2-build-macosx-x86_64/jdk8u31/2394/hotspot/src/share/vm/prims/jvm.cpp, line 1312]
Event: 1.044 Thread 0x00007fc92705e000 Exception <a 'java/security/PrivilegedActionException'> (0x00000007aaf6e740) thrown at [/Users/java_re/workspace/8-2-build-macosx-x86_64/jdk8u31/2394/hotspot/src/share/vm/prims/jvm.cpp, line 1312]
Event: 1.261 Thread 0x00007fc92705e000 Exception <a 'java/security/PrivilegedActionException'> (0x00000007aaf9c510) thrown at [/Users/java_re/workspace/8-2-build-macosx-x86_64/jdk8u31/2394/hotspot/src/share/vm/prims/jvm.cpp, line 1312]

Events (10 events):
Event: 45.420 Executing VM operation: EnterInterpOnlyMode
Event: 45.420 Executing nested VM operation: Deoptimize
Event: 45.420 Executing nested VM operation: Deoptimize done
Event: 45.420 Executing VM operation: EnterInterpOnlyMode done
Event: 45.420 Executing VM operation: ChangeSingleStep
Event: 45.420 Executing VM operation: ChangeSingleStep done
Event: 45.420 Executing VM operation: ChangeSingleStep
Event: 45.420 Executing VM operation: ChangeSingleStep done
Event: 45.426 Executing VM operation: RedefineClasses
Event: 45.431 Executing VM operation: RedefineClasses done


Dynamic libraries:
0x0000000019077000 	/System/Library/Frameworks/Cocoa.framework/Versions/A/Cocoa
0x0000000019077000 	/System/Library/Frameworks/Security.framework/Versions/A/Security
0x0000000019077000 	/System/Library/Frameworks/ApplicationServices.framework/Versions/A/ApplicationServices
0x0000000019077000 	/usr/lib/libz.1.dylib
0x0000000019077000 	/usr/lib/libSystem.B.dylib
0x0000000019077000 	/usr/lib/libobjc.A.dylib
0x0000000019077000 	/System/Library/Frameworks/CoreFoundation.framework/Versions/A/CoreFoundation
0x0000000019077000 	/System/Library/Frameworks/Foundation.framework/Versions/C/Foundation
0x0000000019077000 	/System/Library/Frameworks/AppKit.framework/Versions/C/AppKit
0x0000000019077000 	/System/Library/Frameworks/CoreData.framework/Versions/A/CoreData
0x0000000019077000 	/System/Library/PrivateFrameworks/RemoteViewServices.framework/Versions/A/RemoteViewServices
0x0000000019077000 	/System/Library/PrivateFrameworks/UIFoundation.framework/Versions/A/UIFoundation
0x0000000019077000 	/System/Library/PrivateFrameworks/XCTTargetBootstrap.framework/Versions/A/XCTTargetBootstrap
0x0000000019077000 	/System/Library/PrivateFrameworks/IconServices.framework/Versions/A/IconServices
0x0000000019077000 	/System/Library/Frameworks/Metal.framework/Versions/A/Metal
0x0000000019077000 	/System/Library/PrivateFrameworks/DesktopServicesPriv.framework/Versions/A/DesktopServicesPriv
0x0000000019077000 	/usr/lib/libenergytrace.dylib
0x0000000019077000 	/System/Library/PrivateFrameworks/SkyLight.framework/Versions/A/SkyLight
0x0000000019077000 	/System/Library/Frameworks/CoreGraphics.framework/Versions/A/CoreGraphics
0x0000000019077000 	/System/Library/Frameworks/Accelerate.framework/Versions/A/Accelerate
0x0000000019077000 	/System/Library/Frameworks/IOSurface.framework/Versions/A/IOSurface
0x0000000019077000 	/System/Library/PrivateFrameworks/DFRFoundation.framework/Versions/A/DFRFoundation
0x0000000019077000 	/System/Library/Frameworks/AudioToolbox.framework/Versions/A/AudioToolbox
0x0000000019077000 	/System/Library/Frameworks/AudioUnit.framework/Versions/A/AudioUnit
0x0000000019077000 	/System/Library/PrivateFrameworks/DataDetectorsCore.framework/Versions/A/DataDetectorsCore
0x0000000019077000 	/System/Library/Frameworks/Carbon.framework/Versions/A/Frameworks/HIToolbox.framework/Versions/A/HIToolbox
0x0000000019077000 	/usr/lib/libicucore.A.dylib
0x0000000019077000 	/System/Library/Frameworks/QuartzCore.framework/Versions/A/QuartzCore
0x0000000019077000 	/System/Library/Frameworks/Carbon.framework/Versions/A/Frameworks/SpeechRecognition.framework/Versions/A/SpeechRecognition
0x0000000019077000 	/usr/lib/libauto.dylib
0x0000000019077000 	/usr/lib/libxml2.2.dylib
0x0000000019077000 	/System/Library/PrivateFrameworks/CoreUI.framework/Versions/A/CoreUI
0x0000000019077000 	/System/Library/Frameworks/CoreAudio.framework/Versions/A/CoreAudio
0x0000000019077000 	/System/Library/Frameworks/DiskArbitration.framework/Versions/A/DiskArbitration
0x0000000019077000 	/usr/lib/liblangid.dylib
0x0000000019077000 	/System/Library/PrivateFrameworks/MultitouchSupport.framework/Versions/A/MultitouchSupport
0x0000000019077000 	/System/Library/Frameworks/IOKit.framework/Versions/A/IOKit
0x0000000019077000 	/usr/lib/libDiagnosticMessagesClient.dylib
0x0000000019077000 	/System/Library/Frameworks/CoreServices.framework/Versions/A/CoreServices
0x0000000019077000 	/System/Library/PrivateFrameworks/PerformanceAnalysis.framework/Versions/A/PerformanceAnalysis
0x0000000019077000 	/System/Library/Frameworks/OpenGL.framework/Versions/A/OpenGL
0x0000000019077000 	/System/Library/Frameworks/ColorSync.framework/Versions/A/ColorSync
0x0000000019077000 	/System/Library/Frameworks/CoreImage.framework/Versions/A/CoreImage
0x0000000019077000 	/System/Library/Frameworks/CoreText.framework/Versions/A/CoreText
0x0000000019077000 	/System/Library/Frameworks/ImageIO.framework/Versions/A/ImageIO
0x0000000019077000 	/System/Library/PrivateFrameworks/Backup.framework/Versions/A/Backup
0x0000000019077000 	/usr/lib/libarchive.2.dylib
0x0000000019077000 	/System/Library/Frameworks/CFNetwork.framework/Versions/A/CFNetwork
0x0000000019077000 	/System/Library/Frameworks/SystemConfiguration.framework/Versions/A/SystemConfiguration
0x0000000019077000 	/usr/lib/libCRFSuite.dylib
0x0000000019077000 	/usr/lib/libc++.1.dylib
0x0000000019077000 	/usr/lib/libc++abi.dylib
0x0000000019077000 	/usr/lib/system/libcache.dylib
0x0000000019077000 	/usr/lib/system/libcommonCrypto.dylib
0x0000000019077000 	/usr/lib/system/libcompiler_rt.dylib
0x0000000019077000 	/usr/lib/system/libcopyfile.dylib
0x0000000019077000 	/usr/lib/system/libcorecrypto.dylib
0x0000000019077000 	/usr/lib/system/libdispatch.dylib
0x0000000019077000 	/usr/lib/system/libdyld.dylib
0x0000000019077000 	/usr/lib/system/libkeymgr.dylib
0x0000000019077000 	/usr/lib/system/liblaunch.dylib
0x0000000019077000 	/usr/lib/system/libmacho.dylib
0x0000000019077000 	/usr/lib/system/libquarantine.dylib
0x0000000019077000 	/usr/lib/system/libremovefile.dylib
0x0000000019077000 	/usr/lib/system/libsystem_asl.dylib
0x0000000019077000 	/usr/lib/system/libsystem_blocks.dylib
0x0000000019077000 	/usr/lib/system/libsystem_c.dylib
0x0000000019077000 	/usr/lib/system/libsystem_configuration.dylib
0x0000000019077000 	/usr/lib/system/libsystem_coreservices.dylib
0x0000000019077000 	/usr/lib/system/libsystem_darwin.dylib
0x0000000019077000 	/usr/lib/system/libsystem_dnssd.dylib
0x0000000019077000 	/usr/lib/system/libsystem_info.dylib
0x0000000019077000 	/usr/lib/system/libsystem_m.dylib
0x0000000019077000 	/usr/lib/system/libsystem_malloc.dylib
0x0000000019077000 	/usr/lib/system/libsystem_networkextension.dylib
0x0000000019077000 	/usr/lib/system/libsystem_notify.dylib
0x0000000019077000 	/usr/lib/system/libsystem_sandbox.dylib
0x0000000019077000 	/usr/lib/system/libsystem_secinit.dylib
0x0000000019077000 	/usr/lib/system/libsystem_kernel.dylib
0x0000000019077000 	/usr/lib/system/libsystem_platform.dylib
0x0000000019077000 	/usr/lib/system/libsystem_pthread.dylib
0x0000000019077000 	/usr/lib/system/libsystem_symptoms.dylib
0x0000000019077000 	/usr/lib/system/libsystem_trace.dylib
0x0000000019077000 	/usr/lib/system/libunwind.dylib
0x0000000019077000 	/usr/lib/system/libxpc.dylib
0x0000000019077000 	/usr/lib/libbsm.0.dylib
0x0000000019077000 	/usr/lib/system/libkxld.dylib
0x0000000019077000 	/System/Library/PrivateFrameworks/AppleFSCompression.framework/Versions/A/AppleFSCompression
0x0000000019077000 	/usr/lib/libOpenScriptingUtil.dylib
0x0000000019077000 	/usr/lib/libcoretls.dylib
0x0000000019077000 	/usr/lib/libcoretls_cfhelpers.dylib
0x0000000019077000 	/usr/lib/libpam.2.dylib
0x0000000019077000 	/usr/lib/libsqlite3.dylib
0x0000000019077000 	/usr/lib/libxar.1.dylib
0x0000000019077000 	/usr/lib/libbz2.1.0.dylib
0x0000000019077000 	/usr/lib/liblzma.5.dylib
0x0000000019077000 	/usr/lib/libnetwork.dylib
0x0000000019077000 	/usr/lib/libapple_nghttp2.dylib
0x0000000019077000 	/usr/lib/libpcap.A.dylib
0x0000000019077000 	/System/Library/Frameworks/CoreServices.framework/Versions/A/Frameworks/FSEvents.framework/Versions/A/FSEvents
0x0000000019077000 	/System/Library/Frameworks/CoreServices.framework/Versions/A/Frameworks/CarbonCore.framework/Versions/A/CarbonCore
0x0000000019077000 	/System/Library/Frameworks/CoreServices.framework/Versions/A/Frameworks/Metadata.framework/Versions/A/Metadata
0x0000000019077000 	/System/Library/Frameworks/CoreServices.framework/Versions/A/Frameworks/OSServices.framework/Versions/A/OSServices
0x0000000019077000 	/System/Library/Frameworks/CoreServices.framework/Versions/A/Frameworks/SearchKit.framework/Versions/A/SearchKit
0x0000000019077000 	/System/Library/Frameworks/CoreServices.framework/Versions/A/Frameworks/AE.framework/Versions/A/AE
0x0000000019077000 	/System/Library/Frameworks/CoreServices.framework/Versions/A/Frameworks/LaunchServices.framework/Versions/A/LaunchServices
0x0000000019077000 	/System/Library/Frameworks/CoreServices.framework/Versions/A/Frameworks/DictionaryServices.framework/Versions/A/DictionaryServices
0x0000000019077000 	/System/Library/Frameworks/CoreServices.framework/Versions/A/Frameworks/SharedFileList.framework/Versions/A/SharedFileList
0x0000000019077000 	/System/Library/Frameworks/NetFS.framework/Versions/A/NetFS
0x0000000019077000 	/System/Library/PrivateFrameworks/NetAuth.framework/Versions/A/NetAuth
0x0000000019077000 	/System/Library/PrivateFrameworks/login.framework/Versions/A/Frameworks/loginsupport.framework/Versions/A/loginsupport
0x0000000019077000 	/System/Library/PrivateFrameworks/TCC.framework/Versions/A/TCC
0x0000000019077000 	/System/Library/PrivateFrameworks/CoreNLP.framework/Versions/A/CoreNLP
0x0000000019077000 	/System/Library/PrivateFrameworks/MetadataUtilities.framework/Versions/A/MetadataUtilities
0x0000000019077000 	/usr/lib/libmecabra.dylib
0x0000000019077000 	/System/Library/Frameworks/ApplicationServices.framework/Versions/A/Frameworks/ATS.framework/Versions/A/ATS
0x0000000019077000 	/System/Library/Frameworks/ApplicationServices.framework/Versions/A/Frameworks/ColorSyncLegacy.framework/Versions/A/ColorSyncLegacy
0x0000000019077000 	/System/Library/Frameworks/ApplicationServices.framework/Versions/A/Frameworks/HIServices.framework/Versions/A/HIServices
0x0000000019077000 	/System/Library/Frameworks/ApplicationServices.framework/Versions/A/Frameworks/LangAnalysis.framework/Versions/A/LangAnalysis
0x0000000019077000 	/System/Library/Frameworks/ApplicationServices.framework/Versions/A/Frameworks/PrintCore.framework/Versions/A/PrintCore
0x0000000019077000 	/System/Library/Frameworks/ApplicationServices.framework/Versions/A/Frameworks/QD.framework/Versions/A/QD
0x0000000019077000 	/System/Library/Frameworks/ApplicationServices.framework/Versions/A/Frameworks/SpeechSynthesis.framework/Versions/A/SpeechSynthesis
0x0000000019077000 	/usr/lib/libcompression.dylib
0x0000000019077000 	/System/Library/Frameworks/CoreDisplay.framework/Versions/A/CoreDisplay
0x0000000019077000 	/System/Library/Frameworks/MetalPerformanceShaders.framework/Versions/A/MetalPerformanceShaders
0x0000000019077000 	/System/Library/Frameworks/Accelerate.framework/Versions/A/Frameworks/vImage.framework/Versions/A/vImage
0x0000000019077000 	/System/Library/Frameworks/Accelerate.framework/Versions/A/Frameworks/vecLib.framework/Versions/A/vecLib
0x0000000019077000 	/System/Library/Frameworks/Accelerate.framework/Versions/A/Frameworks/vecLib.framework/Versions/A/libvMisc.dylib
0x0000000019077000 	/System/Library/Frameworks/Accelerate.framework/Versions/A/Frameworks/vecLib.framework/Versions/A/libvDSP.dylib
0x0000000019077000 	/System/Library/Frameworks/Accelerate.framework/Versions/A/Frameworks/vecLib.framework/Versions/A/libBLAS.dylib
0x0000000019077000 	/System/Library/Frameworks/Accelerate.framework/Versions/A/Frameworks/vecLib.framework/Versions/A/libLAPACK.dylib
0x0000000019077000 	/System/Library/Frameworks/Accelerate.framework/Versions/A/Frameworks/vecLib.framework/Versions/A/libLinearAlgebra.dylib
0x0000000019077000 	/System/Library/Frameworks/Accelerate.framework/Versions/A/Frameworks/vecLib.framework/Versions/A/libSparseBLAS.dylib
0x0000000019077000 	/System/Library/Frameworks/Accelerate.framework/Versions/A/Frameworks/vecLib.framework/Versions/A/libQuadrature.dylib
0x0000000019077000 	/System/Library/Frameworks/Accelerate.framework/Versions/A/Frameworks/vecLib.framework/Versions/A/libBNNS.dylib
0x0000000019077000 	/System/Library/Frameworks/Accelerate.framework/Versions/A/Frameworks/vecLib.framework/Versions/A/libSparse.dylib
0x0000000019077000 	/System/Library/PrivateFrameworks/GPUWrangler.framework/Versions/A/GPUWrangler
0x0000000019077000 	/System/Library/PrivateFrameworks/IOAccelerator.framework/Versions/A/IOAccelerator
0x0000000019077000 	/System/Library/PrivateFrameworks/IOPresentment.framework/Versions/A/IOPresentment
0x0000000019077000 	/System/Library/PrivateFrameworks/DSExternalDisplay.framework/Versions/A/DSExternalDisplay
0x0000000019077000 	/System/Library/Frameworks/OpenGL.framework/Versions/A/Libraries/libCoreFSCache.dylib
0x0000000019077000 	/System/Library/Frameworks/MetalPerformanceShaders.framework/Frameworks/MPSCore.framework/Versions/A/MPSCore
0x0000000019077000 	/System/Library/Frameworks/MetalPerformanceShaders.framework/Frameworks/MPSImage.framework/Versions/A/MPSImage
0x0000000019077000 	/System/Library/Frameworks/MetalPerformanceShaders.framework/Frameworks/MPSNeuralNetwork.framework/Versions/A/MPSNeuralNetwork
0x0000000019077000 	/System/Library/Frameworks/MetalPerformanceShaders.framework/Frameworks/MPSMatrix.framework/Versions/A/MPSMatrix
0x0000000019077000 	/System/Library/Frameworks/MetalPerformanceShaders.framework/Frameworks/MPSRayIntersector.framework/Versions/A/MPSRayIntersector
0x0000000019077000 	/System/Library/PrivateFrameworks/MetalTools.framework/Versions/A/MetalTools
0x0000000019077000 	/System/Library/PrivateFrameworks/AggregateDictionary.framework/Versions/A/AggregateDictionary
0x0000000019077000 	/usr/lib/libMobileGestalt.dylib
0x0000000019077000 	/System/Library/Frameworks/CoreVideo.framework/Versions/A/CoreVideo
0x0000000019077000 	/System/Library/PrivateFrameworks/GraphVisualizer.framework/Versions/A/GraphVisualizer
0x0000000019077000 	/System/Library/PrivateFrameworks/FaceCore.framework/Versions/A/FaceCore
0x0000000019077000 	/System/Library/Frameworks/OpenCL.framework/Versions/A/OpenCL
0x0000000019077000 	/usr/lib/libFosl_dynamic.dylib
0x0000000019077000 	/System/Library/PrivateFrameworks/OTSVG.framework/Versions/A/OTSVG
0x0000000019077000 	/System/Library/Frameworks/ApplicationServices.framework/Versions/A/Frameworks/ATS.framework/Versions/A/Resources/libFontParser.dylib
0x0000000019077000 	/System/Library/Frameworks/ApplicationServices.framework/Versions/A/Frameworks/ATS.framework/Versions/A/Resources/libFontRegistry.dylib
0x0000000019077000 	/System/Library/Frameworks/ImageIO.framework/Versions/A/Resources/libJPEG.dylib
0x0000000019077000 	/System/Library/Frameworks/ImageIO.framework/Versions/A/Resources/libTIFF.dylib
0x0000000019077000 	/System/Library/Frameworks/ImageIO.framework/Versions/A/Resources/libPng.dylib
0x0000000019077000 	/System/Library/Frameworks/ImageIO.framework/Versions/A/Resources/libGIF.dylib
0x0000000019077000 	/System/Library/Frameworks/ImageIO.framework/Versions/A/Resources/libJP2.dylib
0x0000000019077000 	/System/Library/Frameworks/ImageIO.framework/Versions/A/Resources/libRadiance.dylib
0x0000000019077000 	/System/Library/PrivateFrameworks/AppleJPEG.framework/Versions/A/AppleJPEG
0x0000000019077000 	/System/Library/Frameworks/OpenGL.framework/Versions/A/Libraries/libGFXShared.dylib
0x0000000019077000 	/System/Library/Frameworks/OpenGL.framework/Versions/A/Libraries/libGLU.dylib
0x0000000019077000 	/System/Library/Frameworks/OpenGL.framework/Versions/A/Libraries/libGL.dylib
0x0000000019077000 	/System/Library/Frameworks/OpenGL.framework/Versions/A/Libraries/libGLImage.dylib
0x0000000019077000 	/System/Library/Frameworks/OpenGL.framework/Versions/A/Libraries/libCVMSPluginSupport.dylib
0x0000000019077000 	/System/Library/Frameworks/OpenGL.framework/Versions/A/Libraries/libCoreVMClient.dylib
0x0000000019077000 	/usr/lib/libcups.2.dylib
0x0000000019077000 	/System/Library/Frameworks/Kerberos.framework/Versions/A/Kerberos
0x0000000019077000 	/System/Library/Frameworks/GSS.framework/Versions/A/GSS
0x0000000019077000 	/usr/lib/libresolv.9.dylib
0x0000000019077000 	/usr/lib/libiconv.2.dylib
0x0000000019077000 	/System/Library/PrivateFrameworks/Heimdal.framework/Versions/A/Heimdal
0x0000000019077000 	/usr/lib/libheimdal-asn1.dylib
0x0000000019077000 	/System/Library/Frameworks/OpenDirectory.framework/Versions/A/OpenDirectory
0x0000000019077000 	/System/Library/PrivateFrameworks/CommonAuth.framework/Versions/A/CommonAuth
0x0000000019077000 	/System/Library/Frameworks/OpenDirectory.framework/Versions/A/Frameworks/CFOpenDirectory.framework/Versions/A/CFOpenDirectory
0x0000000019077000 	/System/Library/Frameworks/SecurityFoundation.framework/Versions/A/SecurityFoundation
0x0000000019077000 	/System/Library/PrivateFrameworks/APFS.framework/Versions/A/APFS
0x0000000019077000 	/usr/lib/libutil.dylib
0x0000000019077000 	/usr/lib/libcharset.1.dylib
0x0000000019077000 	/System/Library/PrivateFrameworks/AppleSauce.framework/Versions/A/AppleSauce
0x0000000019077000 	/System/Library/PrivateFrameworks/AssertionServices.framework/Versions/A/AssertionServices
0x0000000019077000 	/System/Library/PrivateFrameworks/BaseBoard.framework/Versions/A/BaseBoard
0x0000000019077000 	/usr/lib/libmecab.1.0.0.dylib
0x0000000019077000 	/usr/lib/libgermantok.dylib
0x0000000019077000 	/usr/lib/libThaiTokenizer.dylib
0x0000000019077000 	/usr/lib/libChineseTokenizer.dylib
0x0000000019077000 	/System/Library/PrivateFrameworks/LanguageModeling.framework/Versions/A/LanguageModeling
0x0000000019077000 	/System/Library/PrivateFrameworks/CoreEmoji.framework/Versions/A/CoreEmoji
0x0000000019077000 	/System/Library/PrivateFrameworks/Lexicon.framework/Versions/A/Lexicon
0x0000000019077000 	/System/Library/PrivateFrameworks/LinguisticData.framework/Versions/A/LinguisticData
0x0000000019077000 	/usr/lib/libcmph.dylib
0x0000000019077000 	/System/Library/Frameworks/ServiceManagement.framework/Versions/A/ServiceManagement
0x0000000019077000 	/System/Library/PrivateFrameworks/BackgroundTaskManagement.framework/Versions/A/BackgroundTaskManagement
0x0000000019077000 	/usr/lib/libxslt.1.dylib
0x0000000019077000 	/System/Library/Frameworks/Carbon.framework/Versions/A/Frameworks/Ink.framework/Versions/A/Ink
0x0000000019077000 	/System/Library/PrivateFrameworks/TextureIO.framework/Versions/A/TextureIO
0x0000000019077000 	/usr/lib/libate.dylib
0x0000000019077000 	/System/Library/PrivateFrameworks/CrashReporterSupport.framework/Versions/A/CrashReporterSupport
0x0000000019077000 	/System/Library/PrivateFrameworks/Sharing.framework/Versions/A/Sharing
0x0000000019077000 	/System/Library/PrivateFrameworks/AuthKit.framework/Versions/A/AuthKit
0x0000000019077000 	/System/Library/PrivateFrameworks/Apple80211.framework/Versions/A/Apple80211
0x0000000019077000 	/System/Library/PrivateFrameworks/CoreUtils.framework/Versions/A/CoreUtils
0x0000000019077000 	/System/Library/Frameworks/CoreWLAN.framework/Versions/A/CoreWLAN
0x0000000019077000 	/System/Library/Frameworks/IOBluetooth.framework/Versions/A/IOBluetooth
0x0000000019077000 	/System/Library/PrivateFrameworks/ProtocolBuffer.framework/Versions/A/ProtocolBuffer
0x0000000019077000 	/System/Library/PrivateFrameworks/MobileKeyBag.framework/Versions/A/MobileKeyBag
0x0000000019077000 	/System/Library/PrivateFrameworks/CorePhoneNumbers.framework/Versions/A/CorePhoneNumbers
0x0000000019077000 	/System/Library/PrivateFrameworks/AppleIDAuthSupport.framework/Versions/A/AppleIDAuthSupport
0x0000000019077000 	/System/Library/PrivateFrameworks/KeychainCircle.framework/Versions/A/KeychainCircle
0x0000000019077000 	/System/Library/PrivateFrameworks/ROCKit.framework/Versions/A/ROCKit
0x0000000019077000 	/System/Library/PrivateFrameworks/CoreWiFi.framework/Versions/A/CoreWiFi
0x0000000019077000 	/System/Library/Frameworks/CoreBluetooth.framework/Versions/A/CoreBluetooth
0x0000000019077000 	/System/Library/PrivateFrameworks/DebugSymbols.framework/Versions/A/DebugSymbols
0x0000000019077000 	/System/Library/PrivateFrameworks/CoreSymbolication.framework/Versions/A/CoreSymbolication
0x0000000019077000 	/System/Library/PrivateFrameworks/Symbolication.framework/Versions/A/Symbolication
0x0000000019077000 	/System/Library/PrivateFrameworks/SpeechRecognitionCore.framework/Versions/A/SpeechRecognitionCore
0x0000000019077000 	/System/Library/CoreServices/Encodings/libKoreanConverter.dylib
0x000000010ba00000 	/Library/Java/JavaVirtualMachines/jdk1.8.0_31.jdk/Contents/Home/jre/lib/server/libjvm.dylib
0x0000000019077000 	/usr/lib/libstdc++.6.dylib
0x000000010b1a0000 	/Library/Java/JavaVirtualMachines/jdk1.8.0_31.jdk/Contents/Home/jre/lib/libverify.dylib
0x000000010b1ae000 	/Library/Java/JavaVirtualMachines/jdk1.8.0_31.jdk/Contents/Home/jre/lib/libjava.dylib
0x000000010c91f000 	/Library/Java/JavaVirtualMachines/jdk1.8.0_31.jdk/Contents/Home/jre/lib/libjdwp.dylib
0x000000010b1e3000 	/Library/Java/JavaVirtualMachines/jdk1.8.0_31.jdk/Contents/Home/jre/lib/libnpt.dylib
0x000000010b1f0000 	/Library/Java/JavaVirtualMachines/jdk1.8.0_31.jdk/Contents/Home/jre/lib/libzip.dylib
0x0000000019077000 	/System/Library/Frameworks/JavaVM.framework/Versions/A/Frameworks/JavaRuntimeSupport.framework/Versions/A/JavaRuntimeSupport
0x0000000019077000 	/System/Library/Frameworks/JavaVM.framework/Versions/A/Frameworks/JavaNativeFoundation.framework/Versions/A/JavaNativeFoundation
0x0000000019077000 	/System/Library/Frameworks/JavaVM.framework/Versions/A/JavaVM
0x0000000019077000 	/System/Library/Frameworks/Carbon.framework/Versions/A/Carbon
0x0000000019077000 	/System/Library/PrivateFrameworks/JavaLaunching.framework/Versions/A/JavaLaunching
0x0000000019077000 	/System/Library/Frameworks/Carbon.framework/Versions/A/Frameworks/CommonPanels.framework/Versions/A/CommonPanels
0x0000000019077000 	/System/Library/Frameworks/Carbon.framework/Versions/A/Frameworks/Help.framework/Versions/A/Help
0x0000000019077000 	/System/Library/Frameworks/Carbon.framework/Versions/A/Frameworks/ImageCapture.framework/Versions/A/ImageCapture
0x0000000019077000 	/System/Library/Frameworks/Carbon.framework/Versions/A/Frameworks/OpenScripting.framework/Versions/A/OpenScripting
0x0000000019077000 	/System/Library/Frameworks/Carbon.framework/Versions/A/Frameworks/Print.framework/Versions/A/Print
0x0000000019077000 	/System/Library/Frameworks/Carbon.framework/Versions/A/Frameworks/SecurityHI.framework/Versions/A/SecurityHI
0x000000011278e000 	/Library/Java/JavaVirtualMachines/jdk1.8.0_31.jdk/Contents/Home/jre/lib/libdt_socket.dylib
0x0000000112795000 	/Library/Java/JavaVirtualMachines/jdk1.8.0_31.jdk/Contents/Home/jre/lib/libawt.dylib
0x0000000112844000 	/Library/Java/JavaVirtualMachines/jdk1.8.0_31.jdk/Contents/Home/jre/lib/./libmlib_image.dylib
0x0000000112910000 	/Library/Java/JavaVirtualMachines/jdk1.8.0_31.jdk/Contents/Home/jre/lib/libawt_lwawt.dylib
0x00000001129c3000 	/Library/Java/JavaVirtualMachines/jdk1.8.0_31.jdk/Contents/Home/jre/lib/./libosxapp.dylib
0x0000000019077000 	/System/Library/Frameworks/ExceptionHandling.framework/Versions/A/ExceptionHandling
0x0000000019077000 	/System/Library/PrivateFrameworks/CoreServicesInternal.framework/Versions/A/CoreServicesInternal
0x0000000019077000 	/System/Library/CoreServices/RawCamera.bundle/Contents/MacOS/RawCamera
0x0000000019077000 	/System/Library/PrivateFrameworks/MobileAsset.framework/Versions/A/MobileAsset
0x0000000019077000 	/System/Library/PrivateFrameworks/StreamingZip.framework/Versions/A/StreamingZip
0x0000000019077000 	/System/Library/Frameworks/MediaToolbox.framework/Versions/A/MediaToolbox
0x0000000019077000 	/System/Library/PrivateFrameworks/CoreAVCHD.framework/Versions/A/CoreAVCHD
0x0000000019077000 	/System/Library/Frameworks/MediaAccessibility.framework/Versions/A/MediaAccessibility
0x0000000019077000 	/System/Library/PrivateFrameworks/Mangrove.framework/Versions/A/Mangrove
0x0000000019077000 	/System/Library/Frameworks/CoreMedia.framework/Versions/A/CoreMedia
0x0000000019077000 	/System/Library/Frameworks/VideoToolbox.framework/Versions/A/VideoToolbox
0x0000000019077000 	/System/Library/PrivateFrameworks/CoreAUC.framework/Versions/A/CoreAUC
0x0000000019077000 	/usr/lib/libspindump.dylib
0x0000000019077000 	/System/Library/PrivateFrameworks/AppleVA.framework/Versions/A/AppleVA
0x0000000019077000 	/System/Library/Frameworks/Accelerate.framework/Versions/A/Frameworks/vImage.framework/Versions/A/Libraries/libCGInterfaces.dylib
0x0000000019077000 	/System/Library/Frameworks/ApplicationServices.framework/Versions/A/Frameworks/ATS.framework/Versions/A/Resources/libTrueTypeScaler.dylib
0x0000000019077000 	/System/Library/Extensions/AppleIntelHD4000GraphicsMTLDriver.bundle/Contents/MacOS/AppleIntelHD4000GraphicsMTLDriver
0x0000000019077000 	/System/Library/PrivateFrameworks/GPUCompiler.framework/Versions/3902/Libraries/libmetal_timestamp.dylib
0x0000000019077000 	/System/Library/PrivateFrameworks/FamilyControls.framework/Versions/A/FamilyControls
0x0000000019077000 	/System/Library/PrivateFrameworks/CommerceKit.framework/Versions/A/Frameworks/CommerceCore.framework/Versions/A/CommerceCore
0x0000000019077000 	/System/Library/PrivateFrameworks/SystemAdministration.framework/Versions/A/SystemAdministration
0x0000000019077000 	/System/Library/PrivateFrameworks/AppContainer.framework/Versions/A/AppContainer
0x0000000019077000 	/System/Library/PrivateFrameworks/AppSandbox.framework/Versions/A/AppSandbox
0x0000000019077000 	/System/Library/PrivateFrameworks/SecCodeWrapper.framework/Versions/A/SecCodeWrapper
0x0000000019077000 	/usr/lib/libsandbox.1.dylib
0x0000000019077000 	/usr/lib/libMatch.1.dylib
0x0000000019077000 	/System/Library/PrivateFrameworks/DiskManagement.framework/Versions/A/DiskManagement
0x0000000019077000 	/System/Library/Frameworks/DirectoryService.framework/Versions/A/DirectoryService
0x0000000019077000 	/System/Library/PrivateFrameworks/DiskImages.framework/Versions/A/DiskImages
0x0000000019077000 	/System/Library/PrivateFrameworks/LoginUIKit.framework/Versions/A/Frameworks/LoginUICore.framework/Versions/A/LoginUICore
0x0000000019077000 	/usr/lib/libCoreStorage.dylib
0x0000000019077000 	/usr/lib/libcsfde.dylib
0x0000000019077000 	/usr/lib/libodfde.dylib
0x0000000019077000 	/System/Library/PrivateFrameworks/MediaKit.framework/Versions/A/MediaKit
0x0000000019077000 	/System/Library/Frameworks/DiscRecording.framework/Versions/A/DiscRecording
0x0000000019077000 	/System/Library/PrivateFrameworks/EFILogin.framework/Versions/A/EFILogin
0x0000000019077000 	/System/Library/PrivateFrameworks/ProtectedCloudStorage.framework/Versions/A/ProtectedCloudStorage
0x0000000019077000 	/usr/lib/libcurl.4.dylib
0x0000000019077000 	/usr/lib/libcrypto.42.dylib
0x0000000019077000 	/usr/lib/libssl.44.dylib
0x0000000019077000 	/System/Library/Frameworks/LDAP.framework/Versions/A/LDAP
0x0000000019077000 	/System/Library/PrivateFrameworks/TrustEvaluationAgent.framework/Versions/A/TrustEvaluationAgent
0x0000000019077000 	/usr/lib/libsasl2.2.dylib
0x0000000019077000 	/System/Library/PrivateFrameworks/CoreDaemon.framework/Versions/B/CoreDaemon
0x0000000019077000 	/System/Library/PrivateFrameworks/AppleSRP.framework/Versions/A/AppleSRP
0x0000000019077000 	/System/Library/PrivateFrameworks/ViewBridge.framework/Versions/A/ViewBridge
0x0000000114b75000 	/Library/Java/JavaVirtualMachines/jdk1.8.0_31.jdk/Contents/Home/jre/lib/libfontmanager.dylib
0x0000000019077000 	/System/Library/Frameworks/OpenGL.framework/Versions/A/Resources/GLEngine.bundle/GLEngine
0x0000000019077000 	/System/Library/Frameworks/OpenGL.framework/Versions/A/Libraries/libGLProgrammability.dylib
0x0000000019077000 	/System/Library/Extensions/AppleIntelHD4000GraphicsGLDriver.bundle/Contents/MacOS/AppleIntelHD4000GraphicsGLDriver
0x0000000019077000 	/System/Library/PrivateFrameworks/GPUSupport.framework/Versions/A/Libraries/libGPUSupportMercury.dylib
0x0000000019077000 	/System/Library/Frameworks/OpenGL.framework/Versions/A/Resources/GLRendererFloat.bundle/GLRendererFloat
0x0000000019077000 	/System/Library/Frameworks/OpenCL.framework/Versions/A/Libraries/libcldcpuengine.dylib
0x0000000019077000 	/usr/lib/libcrypto.35.dylib
0x00000001154c0000 	/Library/Java/JavaVirtualMachines/jdk1.8.0_31.jdk/Contents/Home/jre/lib/libosxui.dylib
0x0000000115ee6000 	/usr/lib/libobjc-trampolines.dylib
0x00000001268f0000 	/Library/Java/JavaVirtualMachines/jdk1.8.0_31.jdk/Contents/Home/jre/lib/libnet.dylib
0x0000000126733000 	/Library/Java/JavaVirtualMachines/jdk1.8.0_31.jdk/Contents/Home/jre/lib/libnio.dylib

VM Arguments:
jvm_args: -agentlib:jdwp=transport=dt_socket,suspend=y,address=localhost:59309 -Dfile.encoding=UTF-8 
java_command: ui.MainFrame
java_class_path (initial): /Users/anto5710/Documents/eclipse/Practical War Game/bin
Launcher Type: SUN_STANDARD

Environment Variables:
PATH=/usr/bin:/bin:/usr/sbin:/sbin
SHELL=/bin/bash
DISPLAY=/private/tmp/com.apple.launchd.kmvpdioDeO/org.macosforge.xquartz:0

Signal Handlers:
SIGSEGV: [libjvm.dylib+0x57a0e7], sa_mask[0]=11111111011111110111111111111111, sa_flags=SA_ONSTACK|SA_RESTART|SA_SIGINFO
SIGBUS: [libjvm.dylib+0x57a0e7], sa_mask[0]=11111111011111110111111111111111, sa_flags=SA_RESTART|SA_SIGINFO
SIGFPE: [libjvm.dylib+0x45af24], sa_mask[0]=11111111011111110111111111111111, sa_flags=SA_RESTART|SA_SIGINFO
SIGPIPE: [libjvm.dylib+0x45af24], sa_mask[0]=11111111011111110111111111111111, sa_flags=SA_RESTART|SA_SIGINFO
SIGXFSZ: [libjvm.dylib+0x45af24], sa_mask[0]=11111111011111110111111111111111, sa_flags=SA_RESTART|SA_SIGINFO
SIGILL: [libjvm.dylib+0x45af24], sa_mask[0]=11111111011111110111111111111111, sa_flags=SA_RESTART|SA_SIGINFO
SIGUSR1: SIG_DFL, sa_mask[0]=00000000000000000000000000000000, sa_flags=none
SIGUSR2: [libjvm.dylib+0x45aa42], sa_mask[0]=00100000000000000000000000000000, sa_flags=SA_RESTART|SA_SIGINFO
SIGHUP: [libjvm.dylib+0x459015], sa_mask[0]=11111111011111110111111111111111, sa_flags=SA_RESTART|SA_SIGINFO
SIGINT: [libjvm.dylib+0x459015], sa_mask[0]=11111111011111110111111111111111, sa_flags=SA_RESTART|SA_SIGINFO
SIGTERM: [libjvm.dylib+0x459015], sa_mask[0]=11111111011111110111111111111111, sa_flags=SA_RESTART|SA_SIGINFO
SIGQUIT: [libjvm.dylib+0x459015], sa_mask[0]=11111111011111110111111111111111, sa_flags=SA_RESTART|SA_SIGINFO


---------------  S Y S T E M  ---------------

OS:Bsduname:Darwin 18.2.0 Darwin Kernel Version 18.2.0: Mon Nov 12 20:24:46 PST 2018; root:xnu-4903.231.4~2/RELEASE_X86_64 x86_64
rlimit: STACK 8192k, CORE 0k, NPROC 709, NOFILE 10240, AS infinity
load average:1.77 1.73 1.81

CPU:total 4 (2 cores per cpu, 2 threads per core) family 6 model 58 stepping 9, cmov, cx8, fxsr, mmx, sse, sse2, sse3, ssse3, sse4.1, sse4.2, popcnt, avx, aes, clmul, erms, ht, tsc, tscinvbit, tscinv

Memory: 4k page, physical 4194304k(128420k free)

/proc/meminfo:


vm_info: Java HotSpot(TM) 64-Bit Server VM (25.31-b07) for bsd-amd64 JRE (1.8.0_31-b13), built on Dec 17 2014 20:45:36 by "java_re" with gcc 4.2.1 (Based on Apple Inc. build 5658) (LLVM build 2336.11.00)

time: Fri Feb 15 02:47:09 2019
elapsed time: 45 seconds (0d 0h 0m 45s)

